0 silly argv {
0 silly argv   _: [ 'publish' ],
0 silly argv   composed: 'publish',
0 silly argv   lernaVersion: '4.0.0',
0 silly argv   '$0': '/Users/stan/Development/nightfall-ui/node_modules/.bin/lerna'
0 silly argv }
1 notice cli v4.0.0
2 verbose rootPath /Users/stan/Development/nightfall-ui
3 info versioning independent
4 verbose session 07910e58fcdef5c4
5 verbose user-agent lerna/4.0.0/node@v16.13.2+arm64 (darwin)
6 silly argv { _: [ 'publish' ], composed: 'publish', lernaVersion: '4.0.0' }
7 verbose rootPath /Users/stan/Development/nightfall-ui
8 silly isAnythingCommitted
9 verbose isAnythingCommitted 1
10 silly getCurrentBranch
11 verbose currentBranch main
12 silly remoteBranchExists
13 silly isBehindUpstream
14 silly isBehindUpstream main is behind origin/main by 0 commit(s) and ahead by 0
15 silly hasTags
16 verbose hasTags true
17 silly git-describe.sync "@nightfall-ui/accordion@1.0.1-1-g8674ba5" => {"lastTagName":"@nightfall-ui/accordion@1.0.1","lastVersion":"1.0.1","refCount":"1","sha":"8674ba5","isDirty":false}
18 info Looking for changed packages since @nightfall-ui/accordion@1.0.1
19 silly checking diff packages/accordion
20 silly found diff in packages/accordion/package.json
21 verbose filtered diff [ 'packages/accordion/package.json' ]
22 silly checking diff packages/buttons
23 silly found diff in packages/buttons/package.json
24 verbose filtered diff [ 'packages/buttons/package.json' ]
25 silly checking diff packages/css
26 silly found diff in packages/css/package.json
27 verbose filtered diff [ 'packages/css/package.json' ]
28 silly checking diff packages/data-display
29 silly found diff in packages/data-display/package.json
30 verbose filtered diff [ 'packages/data-display/package.json' ]
31 silly checking diff packages/dialog
32 silly found diff in packages/dialog/package.json
33 verbose filtered diff [ 'packages/dialog/package.json' ]
34 silly checking diff packages/ease
35 silly found diff in packages/ease/package.json
36 verbose filtered diff [ 'packages/ease/package.json' ]
37 silly checking diff packages/hooks
38 silly found diff in packages/hooks/package.json
39 verbose filtered diff [ 'packages/hooks/package.json' ]
40 silly checking diff packages/inputs
41 silly found diff in packages/inputs/package.json
42 verbose filtered diff [ 'packages/inputs/package.json' ]
43 silly checking diff packages/layout
44 silly found diff in packages/layout/package.json
45 verbose filtered diff [ 'packages/layout/package.json' ]
46 silly checking diff packages/site
47 silly found diff in packages/site/package.json
48 verbose filtered diff [ 'packages/site/package.json' ]
49 silly checking diff packages/surfaces
50 silly found diff in packages/surfaces/package.json
51 verbose filtered diff [ 'packages/surfaces/package.json' ]
52 silly checking diff packages/theme
53 silly found diff in packages/theme/package.json
54 verbose filtered diff [ 'packages/theme/package.json' ]
55 silly checking diff packages/typography
56 silly found diff in packages/typography/package.json
57 verbose filtered diff [ 'packages/typography/package.json' ]
58 silly checking diff packages/utils
59 silly found diff in packages/utils/package.json
60 verbose filtered diff [ 'packages/utils/package.json' ]
61 verbose updated @nightfall-ui/accordion
62 verbose updated @nightfall-ui/buttons
63 verbose updated @nightfall-ui/css
64 verbose updated @nightfall-ui/data-display
65 verbose updated @nightfall-ui/dialog
66 verbose updated @nightfall-ui/ease
67 verbose updated @nightfall-ui/hooks
68 verbose updated @nightfall-ui/inputs
69 verbose updated @nightfall-ui/layout
70 verbose updated @nightfall-ui/site
71 verbose updated @nightfall-ui/surfaces
72 verbose updated @nightfall-ui/theme
73 verbose updated @nightfall-ui/typography
74 verbose updated @nightfall-ui/utils
75 verbose git-describe undefined => "@nightfall-ui/accordion@1.0.1-1-g8674ba5"
76 silly git-describe parsed => {"lastTagName":"@nightfall-ui/accordion@1.0.1","lastVersion":"1.0.1","refCount":"1","sha":"8674ba5","isDirty":false}
77 info execute Skipping releases
78 silly lifecycle No script for "preversion" in "nightfall-ui", continuing
79 silly lifecycle No script for "preversion" in "@nightfall-ui/accordion", continuing
80 silly lifecycle No script for "preversion" in "@nightfall-ui/css", continuing
81 silly lifecycle No script for "preversion" in "@nightfall-ui/ease", continuing
82 silly lifecycle No script for "preversion" in "@nightfall-ui/hooks", continuing
83 silly lifecycle No script for "preversion" in "@nightfall-ui/typography", continuing
84 silly lifecycle No script for "preversion" in "@nightfall-ui/utils", continuing
85 silly lifecycle No script for "version" in "@nightfall-ui/ease", continuing
86 silly lifecycle No script for "version" in "@nightfall-ui/css", continuing
87 silly lifecycle No script for "version" in "@nightfall-ui/typography", continuing
88 silly lifecycle No script for "version" in "@nightfall-ui/accordion", continuing
89 silly lifecycle No script for "version" in "@nightfall-ui/utils", continuing
90 silly lifecycle No script for "version" in "@nightfall-ui/hooks", continuing
91 silly lifecycle No script for "preversion" in "@nightfall-ui/layout", continuing
92 silly lifecycle No script for "preversion" in "@nightfall-ui/theme", continuing
93 silly lifecycle No script for "version" in "@nightfall-ui/layout", continuing
94 silly lifecycle No script for "version" in "@nightfall-ui/theme", continuing
95 silly lifecycle No script for "preversion" in "@nightfall-ui/buttons", continuing
96 silly lifecycle No script for "preversion" in "@nightfall-ui/data-display", continuing
97 silly lifecycle No script for "preversion" in "@nightfall-ui/inputs", continuing
98 silly lifecycle No script for "preversion" in "@nightfall-ui/surfaces", continuing
99 silly lifecycle No script for "version" in "@nightfall-ui/data-display", continuing
100 silly lifecycle No script for "version" in "@nightfall-ui/buttons", continuing
101 silly lifecycle No script for "preversion" in "@nightfall-ui/dialog", continuing
102 silly lifecycle No script for "version" in "@nightfall-ui/surfaces", continuing
103 silly lifecycle No script for "version" in "@nightfall-ui/inputs", continuing
104 silly lifecycle No script for "version" in "@nightfall-ui/dialog", continuing
105 silly lifecycle No script for "preversion" in "@nightfall-ui/site", continuing
106 silly lifecycle No script for "version" in "@nightfall-ui/site", continuing
107 silly lifecycle No script for "version" in "nightfall-ui", continuing
108 silly gitAdd [
108 silly gitAdd   'packages/ease/package.json',
108 silly gitAdd   'packages/ease/package-lock.json',
108 silly gitAdd   'packages/css/package.json',
108 silly gitAdd   'packages/css/package-lock.json',
108 silly gitAdd   'packages/typography/package.json',
108 silly gitAdd   'packages/typography/package-lock.json',
108 silly gitAdd   'packages/accordion/package.json',
108 silly gitAdd   'packages/accordion/package-lock.json',
108 silly gitAdd   'packages/utils/package.json',
108 silly gitAdd   'packages/utils/package-lock.json',
108 silly gitAdd   'packages/hooks/package.json',
108 silly gitAdd   'packages/hooks/package-lock.json',
108 silly gitAdd   'packages/layout/package.json',
108 silly gitAdd   'packages/layout/package-lock.json',
108 silly gitAdd   'packages/theme/package.json',
108 silly gitAdd   'packages/theme/package-lock.json',
108 silly gitAdd   'packages/data-display/package.json',
108 silly gitAdd   'packages/data-display/package-lock.json',
108 silly gitAdd   'packages/buttons/package.json',
108 silly gitAdd   'packages/buttons/package-lock.json',
108 silly gitAdd   'packages/surfaces/package.json',
108 silly gitAdd   'packages/surfaces/package-lock.json',
108 silly gitAdd   'packages/inputs/package.json',
108 silly gitAdd   'packages/inputs/package-lock.json',
108 silly gitAdd   'packages/dialog/package.json',
108 silly gitAdd   'packages/dialog/package-lock.json',
108 silly gitAdd   'packages/site/package.json',
108 silly gitAdd   'packages/site/package-lock.json'
108 silly gitAdd ]
109 silly gitCommit Publish
109 silly gitCommit
109 silly gitCommit  - @nightfall-ui/accordion@1.0.2
109 silly gitCommit  - @nightfall-ui/buttons@1.0.2
109 silly gitCommit  - @nightfall-ui/css@1.0.2
109 silly gitCommit  - @nightfall-ui/data-display@1.0.2
109 silly gitCommit  - @nightfall-ui/dialog@1.0.2
109 silly gitCommit  - @nightfall-ui/ease@1.0.2
109 silly gitCommit  - @nightfall-ui/hooks@1.0.2
109 silly gitCommit  - @nightfall-ui/inputs@1.0.2
109 silly gitCommit  - @nightfall-ui/layout@1.0.2
109 silly gitCommit  - @nightfall-ui/site@1.0.2
109 silly gitCommit  - @nightfall-ui/surfaces@1.0.2
109 silly gitCommit  - @nightfall-ui/theme@1.0.2
109 silly gitCommit  - @nightfall-ui/typography@1.0.2
109 silly gitCommit  - @nightfall-ui/utils@1.0.2
110 verbose git [
110 verbose git   'commit',
110 verbose git   '-F',
110 verbose git   '/private/var/folders/q6/xkdn36cx1glc2vvnspj2pck80000gn/T/f2605398-f12d-4992-9f52-59aeda0615ca/lerna-commit.txt'
110 verbose git ]
111 silly gitTag @nightfall-ui/accordion@1.0.2
112 verbose git [
112 verbose git   'tag',
112 verbose git   '@nightfall-ui/accordion@1.0.2',
112 verbose git   '-m',
112 verbose git   '@nightfall-ui/accordion@1.0.2'
112 verbose git ]
113 silly gitTag @nightfall-ui/buttons@1.0.2
114 verbose git [
114 verbose git   'tag',
114 verbose git   '@nightfall-ui/buttons@1.0.2',
114 verbose git   '-m',
114 verbose git   '@nightfall-ui/buttons@1.0.2'
114 verbose git ]
115 silly gitTag @nightfall-ui/css@1.0.2
116 verbose git [ 'tag', '@nightfall-ui/css@1.0.2', '-m', '@nightfall-ui/css@1.0.2' ]
117 silly gitTag @nightfall-ui/data-display@1.0.2
118 verbose git [
118 verbose git   'tag',
118 verbose git   '@nightfall-ui/data-display@1.0.2',
118 verbose git   '-m',
118 verbose git   '@nightfall-ui/data-display@1.0.2'
118 verbose git ]
119 silly gitTag @nightfall-ui/dialog@1.0.2
120 verbose git [
120 verbose git   'tag',
120 verbose git   '@nightfall-ui/dialog@1.0.2',
120 verbose git   '-m',
120 verbose git   '@nightfall-ui/dialog@1.0.2'
120 verbose git ]
121 silly gitTag @nightfall-ui/ease@1.0.2
122 verbose git [ 'tag', '@nightfall-ui/ease@1.0.2', '-m', '@nightfall-ui/ease@1.0.2' ]
123 silly gitTag @nightfall-ui/hooks@1.0.2
124 verbose git [
124 verbose git   'tag',
124 verbose git   '@nightfall-ui/hooks@1.0.2',
124 verbose git   '-m',
124 verbose git   '@nightfall-ui/hooks@1.0.2'
124 verbose git ]
125 silly gitTag @nightfall-ui/inputs@1.0.2
126 verbose git [
126 verbose git   'tag',
126 verbose git   '@nightfall-ui/inputs@1.0.2',
126 verbose git   '-m',
126 verbose git   '@nightfall-ui/inputs@1.0.2'
126 verbose git ]
127 silly gitTag @nightfall-ui/layout@1.0.2
128 verbose git [
128 verbose git   'tag',
128 verbose git   '@nightfall-ui/layout@1.0.2',
128 verbose git   '-m',
128 verbose git   '@nightfall-ui/layout@1.0.2'
128 verbose git ]
129 silly gitTag @nightfall-ui/site@1.0.2
130 verbose git [ 'tag', '@nightfall-ui/site@1.0.2', '-m', '@nightfall-ui/site@1.0.2' ]
131 silly gitTag @nightfall-ui/surfaces@1.0.2
132 verbose git [
132 verbose git   'tag',
132 verbose git   '@nightfall-ui/surfaces@1.0.2',
132 verbose git   '-m',
132 verbose git   '@nightfall-ui/surfaces@1.0.2'
132 verbose git ]
133 silly gitTag @nightfall-ui/theme@1.0.2
134 verbose git [
134 verbose git   'tag',
134 verbose git   '@nightfall-ui/theme@1.0.2',
134 verbose git   '-m',
134 verbose git   '@nightfall-ui/theme@1.0.2'
134 verbose git ]
135 silly gitTag @nightfall-ui/typography@1.0.2
136 verbose git [
136 verbose git   'tag',
136 verbose git   '@nightfall-ui/typography@1.0.2',
136 verbose git   '-m',
136 verbose git   '@nightfall-ui/typography@1.0.2'
136 verbose git ]
137 silly gitTag @nightfall-ui/utils@1.0.2
138 verbose git [
138 verbose git   'tag',
138 verbose git   '@nightfall-ui/utils@1.0.2',
138 verbose git   '-m',
138 verbose git   '@nightfall-ui/utils@1.0.2'
138 verbose git ]
139 silly lifecycle No script for "postversion" in "@nightfall-ui/accordion", continuing
140 silly lifecycle No script for "postversion" in "@nightfall-ui/buttons", continuing
141 silly lifecycle No script for "postversion" in "@nightfall-ui/css", continuing
142 silly lifecycle No script for "postversion" in "@nightfall-ui/data-display", continuing
143 silly lifecycle No script for "postversion" in "@nightfall-ui/dialog", continuing
144 silly lifecycle No script for "postversion" in "@nightfall-ui/ease", continuing
145 silly lifecycle No script for "postversion" in "@nightfall-ui/hooks", continuing
146 silly lifecycle No script for "postversion" in "@nightfall-ui/inputs", continuing
147 silly lifecycle No script for "postversion" in "@nightfall-ui/layout", continuing
148 silly lifecycle No script for "postversion" in "@nightfall-ui/site", continuing
149 silly lifecycle No script for "postversion" in "@nightfall-ui/surfaces", continuing
150 silly lifecycle No script for "postversion" in "@nightfall-ui/theme", continuing
151 silly lifecycle No script for "postversion" in "@nightfall-ui/typography", continuing
152 silly lifecycle No script for "postversion" in "@nightfall-ui/utils", continuing
153 silly lifecycle No script for "postversion" in "nightfall-ui", continuing
154 info git Pushing tags...
155 silly gitPush origin main
156 info publish Publishing packages to npm...
157 info Verifying npm credentials
158 verbose Retrieving npm user profile
159 http fetch GET 200 https://registry.npmjs.org/-/npm/v1/user 459ms
160 silly npm profile get received {"tfa":{"pending":false,"mode":"auth-only"},"name":"rilexus","email":"stanip@hotmail.de","email_verified":true,"created":"2019-09-29T18:45:33.653Z","updated":"2021-12-18T16:25:08.856Z","cidr_whitelist":null,"fullname":"Stanislav Panchenko"}
161 silly get npm username received {"username":"rilexus","tfa":{"pending":false,"mode":"auth-only"},"name":"rilexus","email":"stanip@hotmail.de","email_verified":true,"created":"2019-09-29T18:45:33.653Z","updated":"2021-12-18T16:25:08.856Z","cidr_whitelist":null,"fullname":"Stanislav Panchenko"}
162 silly verifyNpmPackageAccess
163 http fetch GET 200 https://registry.npmjs.org/-/org/rilexus/package?format=cli 397ms (cache updated)
164 info Checking two-factor auth mode
165 verbose Retrieving npm user profile
166 http fetch GET 200 https://registry.npmjs.org/-/npm/v1/user 310ms
167 silly npm profile get received {"tfa":{"pending":false,"mode":"auth-only"},"name":"rilexus","email":"stanip@hotmail.de","email_verified":true,"created":"2019-09-29T18:45:33.653Z","updated":"2021-12-18T16:25:08.856Z","cidr_whitelist":null,"fullname":"Stanislav Panchenko"}
168 silly 2FA { pending: false, mode: 'auth-only' }
169 warn ENOLICENSE Packages @nightfall-ui/accordion, @nightfall-ui/buttons, @nightfall-ui/css, @nightfall-ui/data-display, @nightfall-ui/dialog, @nightfall-ui/ease, @nightfall-ui/hooks, @nightfall-ui/inputs, @nightfall-ui/layout, @nightfall-ui/site, @nightfall-ui/surfaces, @nightfall-ui/theme, @nightfall-ui/typography, and @nightfall-ui/utils are missing a license.
169 warn ENOLICENSE One way to fix this is to add a LICENSE.md file to the root of this repository.
169 warn ENOLICENSE See https://choosealicense.com for additional guidance.
170 silly getCurrentSHA
171 verbose getCurrentSHA ab4bd8606e268869860e9ef8e255ccad1bfdbe37
172 silly lifecycle No script for "prepublish" in "nightfall-ui", continuing
173 silly lifecycle No script for "prepare" in "nightfall-ui", continuing
174 silly lifecycle No script for "prepublishOnly" in "nightfall-ui", continuing
175 silly lifecycle No script for "prepack" in "nightfall-ui", continuing
176 verbose pack-directory packages/accordion
177 verbose pack-directory packages/buttons
178 verbose pack-directory packages/css
179 verbose pack-directory packages/data-display
180 verbose pack-directory packages/dialog
181 verbose pack-directory packages/ease
182 verbose pack-directory packages/hooks
183 verbose pack-directory packages/inputs
184 verbose pack-directory packages/layout
185 verbose pack-directory packages/surfaces
186 silly lifecycle No script for "prepublish" in "@nightfall-ui/accordion", continuing
187 silly lifecycle No script for "prepublish" in "@nightfall-ui/buttons", continuing
188 silly lifecycle No script for "prepublish" in "@nightfall-ui/css", continuing
189 silly lifecycle No script for "prepublish" in "@nightfall-ui/data-display", continuing
190 silly lifecycle No script for "prepublish" in "@nightfall-ui/dialog", continuing
191 silly lifecycle No script for "prepublish" in "@nightfall-ui/ease", continuing
192 silly lifecycle No script for "prepublish" in "@nightfall-ui/hooks", continuing
193 silly lifecycle No script for "prepublish" in "@nightfall-ui/inputs", continuing
194 silly lifecycle No script for "prepublish" in "@nightfall-ui/layout", continuing
195 silly lifecycle No script for "prepublish" in "@nightfall-ui/surfaces", continuing
196 silly lifecycle No script for "prepare" in "@nightfall-ui/accordion", continuing
197 silly lifecycle No script for "prepare" in "@nightfall-ui/buttons", continuing
198 silly lifecycle No script for "prepare" in "@nightfall-ui/css", continuing
199 silly lifecycle No script for "prepare" in "@nightfall-ui/data-display", continuing
200 silly lifecycle No script for "prepare" in "@nightfall-ui/dialog", continuing
201 silly lifecycle No script for "prepare" in "@nightfall-ui/ease", continuing
202 silly lifecycle No script for "prepare" in "@nightfall-ui/hooks", continuing
203 silly lifecycle No script for "prepare" in "@nightfall-ui/inputs", continuing
204 silly lifecycle No script for "prepare" in "@nightfall-ui/layout", continuing
205 silly lifecycle No script for "prepare" in "@nightfall-ui/surfaces", continuing
206 silly lifecycle No script for "prepublishOnly" in "@nightfall-ui/buttons", continuing
207 silly lifecycle No script for "prepublishOnly" in "@nightfall-ui/accordion", continuing
208 silly lifecycle No script for "prepublishOnly" in "@nightfall-ui/css", continuing
209 silly lifecycle No script for "prepublishOnly" in "@nightfall-ui/dialog", continuing
210 silly lifecycle No script for "prepublishOnly" in "@nightfall-ui/data-display", continuing
211 silly lifecycle No script for "prepublishOnly" in "@nightfall-ui/hooks", continuing
212 silly lifecycle No script for "prepublishOnly" in "@nightfall-ui/ease", continuing
213 silly lifecycle No script for "prepublishOnly" in "@nightfall-ui/inputs", continuing
214 silly lifecycle No script for "prepublishOnly" in "@nightfall-ui/layout", continuing
215 silly lifecycle No script for "prepublishOnly" in "@nightfall-ui/surfaces", continuing
216 silly lifecycle No script for "prepack" in "@nightfall-ui/css", continuing
217 silly lifecycle No script for "prepack" in "@nightfall-ui/buttons", continuing
218 silly lifecycle No script for "prepack" in "@nightfall-ui/dialog", continuing
219 silly lifecycle No script for "prepack" in "@nightfall-ui/data-display", continuing
220 silly lifecycle No script for "prepack" in "@nightfall-ui/hooks", continuing
221 silly lifecycle No script for "prepack" in "@nightfall-ui/inputs", continuing
222 silly lifecycle No script for "prepack" in "@nightfall-ui/layout", continuing
223 silly lifecycle No script for "prepack" in "@nightfall-ui/ease", continuing
224 silly lifecycle No script for "prepack" in "@nightfall-ui/accordion", continuing
225 silly lifecycle No script for "prepack" in "@nightfall-ui/surfaces", continuing
226 silly lifecycle No script for "postpack" in "@nightfall-ui/accordion", continuing
227 verbose packed packages/accordion
228 verbose pack-directory packages/theme
229 silly lifecycle No script for "prepublish" in "@nightfall-ui/theme", continuing
230 silly lifecycle No script for "prepare" in "@nightfall-ui/theme", continuing
231 silly lifecycle No script for "postpack" in "@nightfall-ui/ease", continuing
232 verbose packed packages/ease
233 silly lifecycle No script for "postpack" in "@nightfall-ui/data-display", continuing
234 verbose packed packages/data-display
235 silly lifecycle No script for "prepublishOnly" in "@nightfall-ui/theme", continuing
236 verbose pack-directory packages/typography
237 silly lifecycle No script for "prepublish" in "@nightfall-ui/typography", continuing
238 silly lifecycle No script for "prepare" in "@nightfall-ui/typography", continuing
239 verbose pack-directory packages/utils
240 silly lifecycle No script for "prepublish" in "@nightfall-ui/utils", continuing
241 silly lifecycle No script for "prepare" in "@nightfall-ui/utils", continuing
242 silly lifecycle No script for "prepack" in "@nightfall-ui/theme", continuing
243 silly lifecycle No script for "postpack" in "@nightfall-ui/surfaces", continuing
244 verbose packed packages/surfaces
245 silly lifecycle No script for "prepublishOnly" in "@nightfall-ui/typography", continuing
246 silly lifecycle No script for "prepublishOnly" in "@nightfall-ui/utils", continuing
247 silly lifecycle No script for "postpack" in "@nightfall-ui/dialog", continuing
248 verbose packed packages/dialog
249 silly lifecycle No script for "prepack" in "@nightfall-ui/typography", continuing
250 silly lifecycle No script for "prepack" in "@nightfall-ui/utils", continuing
251 silly lifecycle No script for "postpack" in "@nightfall-ui/utils", continuing
252 verbose packed packages/utils
253 silly lifecycle No script for "postpack" in "@nightfall-ui/hooks", continuing
254 verbose packed packages/hooks
255 silly lifecycle No script for "postpack" in "@nightfall-ui/layout", continuing
256 verbose packed packages/layout
257 silly lifecycle No script for "postpack" in "@nightfall-ui/theme", continuing
258 verbose packed packages/theme
259 silly lifecycle No script for "postpack" in "@nightfall-ui/inputs", continuing
260 verbose packed packages/inputs
261 silly lifecycle No script for "postpack" in "@nightfall-ui/typography", continuing
262 verbose packed packages/typography
263 silly lifecycle No script for "postpack" in "@nightfall-ui/css", continuing
264 verbose packed packages/css
265 silly lifecycle No script for "postpack" in "@nightfall-ui/buttons", continuing
266 verbose packed packages/buttons
267 verbose pack-directory packages/site
268 silly lifecycle No script for "prepublish" in "@nightfall-ui/site", continuing
269 silly lifecycle No script for "prepare" in "@nightfall-ui/site", continuing
270 silly lifecycle No script for "prepublishOnly" in "@nightfall-ui/site", continuing
271 silly lifecycle No script for "prepack" in "@nightfall-ui/site", continuing
272 silly lifecycle No script for "postpack" in "@nightfall-ui/site", continuing
273 verbose packed packages/site
274 silly lifecycle No script for "postpack" in "nightfall-ui", continuing
275 verbose publish @nightfall-ui/accordion
276 verbose publish @nightfall-ui/buttons
277 verbose publish @nightfall-ui/css
278 verbose publish @nightfall-ui/data-display
279 verbose publish @nightfall-ui/dialog
280 verbose publish @nightfall-ui/ease
281 verbose publish @nightfall-ui/hooks
282 verbose publish @nightfall-ui/inputs
283 verbose publish @nightfall-ui/layout
284 verbose publish @nightfall-ui/surfaces
285 silly FetchError: request to https://registry.npmjs.org/@nightfall-ui%2fbuttons failed, reason: getaddrinfo ENOTFOUND registry.npmjs.org
285 silly     at ClientRequest.<anonymous> (/Users/stan/Development/nightfall-ui/node_modules/minipass-fetch/lib/index.js:110:14)
285 silly     at ClientRequest.emit (node:events:390:28)
285 silly     at TLSSocket.socketErrorListener (node:_http_client:447:9)
285 silly     at TLSSocket.emit (node:events:402:35)
285 silly     at emitErrorNT (node:internal/streams/destroy:157:8)
285 silly     at emitErrorCloseNT (node:internal/streams/destroy:122:3)
285 silly     at processTicksAndRejections (node:internal/process/task_queues:83:21)
285 silly  FetchError: request to https://registry.npmjs.org/@nightfall-ui%2fbuttons failed, reason: getaddrinfo ENOTFOUND registry.npmjs.org
285 silly     at ClientRequest.<anonymous> (/Users/stan/Development/nightfall-ui/node_modules/minipass-fetch/lib/index.js:110:14)
285 silly     at ClientRequest.emit (node:events:390:28)
285 silly     at TLSSocket.socketErrorListener (node:_http_client:447:9)
285 silly     at TLSSocket.emit (node:events:402:35)
285 silly     at emitErrorNT (node:internal/streams/destroy:157:8)
285 silly     at emitErrorCloseNT (node:internal/streams/destroy:122:3)
285 silly     at processTicksAndRejections (node:internal/process/task_queues:83:21) {
285 silly   code: 'ENOTFOUND',
285 silly   errno: 'ENOTFOUND',
285 silly   syscall: 'getaddrinfo',
285 silly   hostname: 'registry.npmjs.org',
285 silly   type: 'system'
285 silly }
286 error ENOTFOUND request to https://registry.npmjs.org/@nightfall-ui%2fbuttons failed, reason: getaddrinfo ENOTFOUND registry.npmjs.org
287 verbose publish @nightfall-ui/theme
288 error FetchError: request to https://registry.npmjs.org/@nightfall-ui%2fbuttons failed, reason: getaddrinfo ENOTFOUND registry.npmjs.org
288 error     at ClientRequest.<anonymous> (/Users/stan/Development/nightfall-ui/node_modules/minipass-fetch/lib/index.js:110:14)
288 error     at ClientRequest.emit (node:events:390:28)
288 error     at TLSSocket.socketErrorListener (node:_http_client:447:9)
288 error     at TLSSocket.emit (node:events:402:35)
288 error     at emitErrorNT (node:internal/streams/destroy:157:8)
288 error     at emitErrorCloseNT (node:internal/streams/destroy:122:3)
